d:\바탕화면\pj\study\java_cross\day_1\c_work\c_study\02_variable\debug\vc142.pdb
d:\바탕화면\pj\study\java_cross\day_1\c_work\c_study\02_variable\debug\vc142.idb
d:\바탕화면\pj\study\java_cross\day_1\c_work\c_study\02_variable\debug\202_local.obj
d:\바탕화면\pj\study\java_cross\day_1\c_work\c_study\02_variable\debug\203_datatype.obj
d:\바탕화면\pj\study\java_cross\day_1\c_work\c_study\02_variable\debug\204__constant.obj
d:\바탕화면\pj\study\java_cross\day_1\c_work\c_study\02_variable\debug\template.obj
d:\바탕화면\pj\study\java_cross\day_1\c_work\c_study\debug\02_variable.exe
d:\바탕화면\pj\study\java_cross\day_1\c_work\c_study\debug\02_variable.ilk
d:\바탕화면\pj\study\java_cross\day_1\c_work\c_study\debug\02_variable.pdb
d:\바탕화면\pj\study\java_cross\day_001~004\c_work\c_study\02_variable\debug\202_local.obj
d:\바탕화면\pj\study\java_cross\day_001~004\c_work\c_study\02_variable\debug\203_datatype.obj
d:\바탕화면\pj\study\java_cross\day_001~004\c_work\c_study\02_variable\debug\204__constant.obj
d:\바탕화면\pj\study\java_cross\day_001~004\c_work\c_study\02_variable\debug\template.obj
d:\바탕화면\pj\study\java_cross\day_001~004\c_work\c_study\02_variable\debug\vc142.idb
d:\바탕화면\pj\study\java_cross\day_001~004\c_work\c_study\02_variable\debug\vc142.pdb
d:\바탕화면\pj\study\java_cross\day_001~004\c_work\c_study\02_variable\debug\02_variable.tlog\cl.command.1.tlog
d:\바탕화면\pj\study\java_cross\day_001~004\c_work\c_study\02_variable\debug\02_variable.tlog\cl.read.1.tlog
d:\바탕화면\pj\study\java_cross\day_001~004\c_work\c_study\02_variable\debug\02_variable.tlog\cl.write.1.tlog
d:\바탕화면\pj\study\java_cross\day_001~004\c_work\c_study\02_variable\debug\02_variable.tlog\link.command.1.tlog
d:\바탕화면\pj\study\java_cross\day_001~004\c_work\c_study\02_variable\debug\02_variable.tlog\link.read.1.tlog
d:\바탕화면\pj\study\java_cross\day_001~004\c_work\c_study\02_variable\debug\02_variable.tlog\link.write.1.tlog
