d:\바탕화면\pj\study\java_cross\day_001~004\c_work\c_study\06_loop\debug\vc142.pdb
d:\바탕화면\pj\study\java_cross\day_001~004\c_work\c_study\06_loop\debug\vc142.idb
d:\바탕화면\pj\study\java_cross\day_001~004\c_work\c_study\06_loop\debug\601_for.obj
d:\바탕화면\pj\study\java_cross\day_001~004\c_work\c_study\06_loop\debug\602_for.obj
d:\바탕화면\pj\study\java_cross\day_001~004\c_work\c_study\06_loop\debug\반복2_자가진단5.obj
d:\바탕화면\pj\study\java_cross\day_001~004\c_work\c_study\06_loop\debug\603_while.obj
d:\바탕화면\pj\study\java_cross\day_001~004\c_work\c_study\06_loop\debug\604_nested.obj
d:\바탕화면\pj\study\java_cross\day_001~004\c_work\c_study\06_loop\debug\605_break_continue.obj
d:\바탕화면\pj\study\java_cross\day_001~004\c_work\c_study\06_loop\debug\607_infinite.obj
d:\바탕화면\pj\study\java_cross\day_001~004\c_work\c_study\06_loop\debug\반복1_형성2.obj
d:\바탕화면\pj\study\java_cross\day_001~004\c_work\c_study\06_loop\debug\반복3_자가진단2.obj
d:\바탕화면\pj\study\java_cross\day_001~004\c_work\c_study\06_loop\debug\반복3_형성3.obj
d:\바탕화면\pj\study\java_cross\day_001~004\c_work\c_study\06_loop\debug\반복2_형성a.obj
d:\바탕화면\pj\study\java_cross\day_001~004\c_work\c_study\debug\06_loop.exe
d:\바탕화면\pj\study\java_cross\day_001~004\c_work\c_study\debug\06_loop.ilk
d:\바탕화면\pj\study\java_cross\day_001~004\c_work\c_study\debug\06_loop.pdb
d:\바탕화면\pj\study\java_cross\day_001~004\c_work\c_study\06_loop\debug\반복2_자가진단.obj
d:\바탕화면\pj\study\java_cross\day_001~004\c_work\c_study\06_loop\debug\06_loop.tlog\cl.command.1.tlog
d:\바탕화면\pj\study\java_cross\day_001~004\c_work\c_study\06_loop\debug\06_loop.tlog\cl.read.1.tlog
d:\바탕화면\pj\study\java_cross\day_001~004\c_work\c_study\06_loop\debug\06_loop.tlog\cl.write.1.tlog
d:\바탕화면\pj\study\java_cross\day_001~004\c_work\c_study\06_loop\debug\06_loop.tlog\link.command.1.tlog
d:\바탕화면\pj\study\java_cross\day_001~004\c_work\c_study\06_loop\debug\06_loop.tlog\link.read.1.tlog
d:\바탕화면\pj\study\java_cross\day_001~004\c_work\c_study\06_loop\debug\06_loop.tlog\link.write.1.tlog
