d:\바탕화면\pj\study\java_cross\day_001~004\c_work\c_study\05_conditoin\debug\vc142.pdb
d:\바탕화면\pj\study\java_cross\day_001~004\c_work\c_study\05_conditoin\debug\vc142.idb
d:\바탕화면\pj\study\java_cross\day_001~004\c_work\c_study\05_conditoin\debug\501_if.obj
d:\바탕화면\pj\study\java_cross\day_001~004\c_work\c_study\05_conditoin\debug\502_ifelse.obj
d:\바탕화면\pj\study\java_cross\day_001~004\c_work\c_study\05_conditoin\debug\선택제어문_자가진단2.obj
d:\바탕화면\pj\study\java_cross\day_001~004\c_work\c_study\05_conditoin\debug\선택제어문_자가진단3.obj
d:\바탕화면\pj\study\java_cross\day_001~004\c_work\c_study\05_conditoin\debug\선택제어문_자가진단4.obj
d:\바탕화면\pj\study\java_cross\day_001~004\c_work\c_study\05_conditoin\debug\선택제어문_형성평가2.obj
d:\바탕화면\pj\study\java_cross\day_001~004\c_work\c_study\05_conditoin\debug\503_switch.obj
d:\바탕화면\pj\study\java_cross\day_001~004\c_work\c_study\05_conditoin\debug\504_nested.obj
d:\바탕화면\pj\study\java_cross\day_001~004\c_work\c_study\05_conditoin\debug\선택제어문_자가진단6.obj
d:\바탕화면\pj\study\java_cross\day_001~004\c_work\c_study\05_conditoin\debug\선택제어문_형성평가5.obj
d:\바탕화면\pj\study\java_cross\day_001~004\c_work\c_study\05_conditoin\debug\선택제어문_자가진단1.obj
d:\바탕화면\pj\study\java_cross\day_001~004\c_work\c_study\05_conditoin\debug\선택제어문_자가진단5.obj
d:\바탕화면\pj\study\java_cross\day_001~004\c_work\c_study\05_conditoin\debug\선택제어문_자가진단7.obj
d:\바탕화면\pj\study\java_cross\day_001~004\c_work\c_study\05_conditoin\debug\선택제어문_자가진단8.obj
d:\바탕화면\pj\study\java_cross\day_001~004\c_work\c_study\05_conditoin\debug\선택제어문_자가진단9.obj
d:\바탕화면\pj\study\java_cross\day_001~004\c_work\c_study\05_conditoin\debug\선택제어문_형성평가1.obj
d:\바탕화면\pj\study\java_cross\day_001~004\c_work\c_study\05_conditoin\debug\선택제어문_형성평가3.obj
d:\바탕화면\pj\study\java_cross\day_001~004\c_work\c_study\05_conditoin\debug\선택제어문_형성평가4.obj
d:\바탕화면\pj\study\java_cross\day_001~004\c_work\c_study\debug\05_condition.exe
d:\바탕화면\pj\study\java_cross\day_001~004\c_work\c_study\debug\05_condition.ilk
d:\바탕화면\pj\study\java_cross\day_001~004\c_work\c_study\debug\05_condition.pdb
d:\바탕화면\pj\study\java_cross\day_001~004\c_work\c_study\05_conditoin\debug\05_condition.tlog\cl.command.1.tlog
d:\바탕화면\pj\study\java_cross\day_001~004\c_work\c_study\05_conditoin\debug\05_condition.tlog\cl.read.1.tlog
d:\바탕화면\pj\study\java_cross\day_001~004\c_work\c_study\05_conditoin\debug\05_condition.tlog\cl.write.1.tlog
d:\바탕화면\pj\study\java_cross\day_001~004\c_work\c_study\05_conditoin\debug\05_condition.tlog\link.command.1.tlog
d:\바탕화면\pj\study\java_cross\day_001~004\c_work\c_study\05_conditoin\debug\05_condition.tlog\link.read.1.tlog
d:\바탕화면\pj\study\java_cross\day_001~004\c_work\c_study\05_conditoin\debug\05_condition.tlog\link.write.1.tlog
