d:\바탕화면\pj\study\java_cross\day_1\c_work\c_study\01_helloworld\debug\vc142.pdb
d:\바탕화면\pj\study\java_cross\day_1\c_work\c_study\01_helloworld\debug\vc142.idb
d:\바탕화면\pj\study\java_cross\day_1\c_work\c_study\01_helloworld\debug\myworld.obj
d:\바탕화면\pj\study\java_cross\day_1\c_work\c_study\01_helloworld\debug\helloworld.obj
d:\바탕화면\pj\study\java_cross\day_001~004\c_work\c_study\01_helloworld\debug\vc142.pdb
d:\바탕화면\pj\study\java_cross\day_001~004\c_work\c_study\01_helloworld\debug\vc142.idb
d:\바탕화면\pj\study\java_cross\day_001~004\c_work\c_study\01_helloworld\debug\myworld.obj
d:\바탕화면\pj\study\java_cross\day_1\c_work\c_study\debug\01_helloworld.ilk
d:\바탕화면\pj\study\java_cross\day_1\c_work\c_study\debug\01_helloworld.exe
d:\바탕화면\pj\study\java_cross\day_1\c_work\c_study\debug\01_helloworld.pdb
d:\바탕화면\pj\study\java_cross\day_001~004\c_work\c_study\01_helloworld\debug\helloworld.obj
d:\바탕화면\pj\study\java_cross\day_001~004\c_work\c_study\01_helloworld\debug\01_helloworld.tlog\cl.command.1.tlog
d:\바탕화면\pj\study\java_cross\day_001~004\c_work\c_study\01_helloworld\debug\01_helloworld.tlog\cl.read.1.tlog
d:\바탕화면\pj\study\java_cross\day_001~004\c_work\c_study\01_helloworld\debug\01_helloworld.tlog\cl.write.1.tlog
d:\바탕화면\pj\study\java_cross\day_001~004\c_work\c_study\01_helloworld\debug\01_helloworld.tlog\link-cvtres.read.1.tlog
d:\바탕화면\pj\study\java_cross\day_001~004\c_work\c_study\01_helloworld\debug\01_helloworld.tlog\link-cvtres.write.1.tlog
d:\바탕화면\pj\study\java_cross\day_001~004\c_work\c_study\01_helloworld\debug\01_helloworld.tlog\link-rc.read.1.tlog
d:\바탕화면\pj\study\java_cross\day_001~004\c_work\c_study\01_helloworld\debug\01_helloworld.tlog\link-rc.write.1.tlog
d:\바탕화면\pj\study\java_cross\day_001~004\c_work\c_study\01_helloworld\debug\01_helloworld.tlog\link.command.1.tlog
d:\바탕화면\pj\study\java_cross\day_001~004\c_work\c_study\01_helloworld\debug\01_helloworld.tlog\link.read.1.tlog
d:\바탕화면\pj\study\java_cross\day_001~004\c_work\c_study\01_helloworld\debug\01_helloworld.tlog\link.write.1.tlog
